<?xml version="1.0" encoding="UTF-8"?>
<testsuite name="com.blackandpink.model.InventoryModelTest" tests="5" skipped="0" failures="0" errors="0" timestamp="2025-05-25T01:41:12.159Z" hostname="Utsabs-Mac-mini.local" time="0.048">
  <properties/>
  <testcase name="test SessionSummary serialization and deserialization[jvm]" classname="com.blackandpink.model.InventoryModelTest" time="0.029"/>
  <testcase name="test InventoryTransaction serialization and deserialization[jvm]" classname="com.blackandpink.model.InventoryModelTest" time="0.012"/>
  <testcase name="test InventorySession serialization and deserialization[jvm]" classname="com.blackandpink.model.InventoryModelTest" time="0.004"/>
  <testcase name="test InventoryAnalytics serialization and deserialization[jvm]" classname="com.blackandpink.model.InventoryModelTest" time="0.002"/>
  <testcase name="test InventoryItem serialization and deserialization[jvm]" classname="com.blackandpink.model.InventoryModelTest" time="0.001"/>
  <system-out><![CDATA[]]></system-out>
  <system-err><![CDATA[]]></system-err>
</testsuite>
