<?xml version="1.0" encoding="UTF-8"?>
<testsuite name="com.blackandpink.util.DateUtilTest" tests="6" skipped="0" failures="0" errors="0" timestamp="2025-05-25T01:41:12.243Z" hostname="Utsabs-Mac-mini.local" time="0.009">
  <properties/>
  <testcase name="test parseDateTime returns null for invalid input[jvm]" classname="com.blackandpink.util.DateUtilTest" time="0.001"/>
  <testcase name="test formatDate returns date in proper format[jvm]" classname="com.blackandpink.util.DateUtilTest" time="0.006"/>
  <testcase name="test formatDateTime returns date and time in proper format[jvm]" classname="com.blackandpink.util.DateUtilTest" time="0.001"/>
  <testcase name="test formatTime returns time in proper format[jvm]" classname="com.blackandpink.util.DateUtilTest" time="0.0"/>
  <testcase name="test now returns properly formatted date string[jvm]" classname="com.blackandpink.util.DateUtilTest" time="0.001"/>
  <testcase name="test parseDateTime returns valid LocalDateTime for valid input[jvm]" classname="com.blackandpink.util.DateUtilTest" time="0.0"/>
  <system-out><![CDATA[]]></system-out>
  <system-err><![CDATA[]]></system-err>
</testsuite>
